[2018-10-09 23:10:17] [info] Start Program:
Path:"codes\x64\Debug\sn_stl.exe"
Arguments:
Working directory: not set.
Modules: Selected: * Excluded: 
Sources: Selected: codes\sn_stl Excluded: *.cpp 
Log Level: Normal
Cover Children: 0
Aggregate by file: 1
Continue after C++ exception: 0
Optimized build support: 0
Export: Html doc\opencpp 
Input coverage: 
Unified diff: 
Excluded line regular expressions: 
Substitute pdb source paths: 

[2018-10-09 23:10:17] [info] Module: C:\sn_stl\codes\x64\Debug\sn_stl.exe is selected because it matches selected pattern: *
[2018-10-09 23:10:17] [info] Module: C:\Windows\System32\ntdll.dll is selected because it matches selected pattern: *
[2018-10-09 23:10:17] [info] Module: C:\Windows\System32\kernel32.dll is selected because it matches selected pattern: *
[2018-10-09 23:10:17] [info] Module: C:\Windows\System32\KernelBase.dll is selected because it matches selected pattern: *
[2018-10-09 23:10:17] [info] Module: C:\Windows\System32\apphelp.dll is selected because it matches selected pattern: *
[2018-10-09 23:10:17] [info] Module: C:\Windows\System32\vcruntime140d.dll is selected because it matches selected pattern: *
[2018-10-09 23:10:17] [info] Module: C:\Windows\System32\msvcp140d.dll is selected because it matches selected pattern: *
[2018-10-09 23:10:17] [info] Module: C:\Windows\System32\ucrtbased.dll is selected because it matches selected pattern: *
[2018-10-09 23:10:17] [info] Module: C:\Windows\System32\ucrtbased.dll is selected because it matches selected pattern: *
[2018-10-09 23:10:17] [info] Module: C:\Windows\System32\kernel.appcore.dll is selected because it matches selected pattern: *
[2018-10-09 23:10:18] [info] Module: C:\Windows\System32\msvcrt.dll is selected because it matches selected pattern: *
[2018-10-09 23:10:18] [info] Module: C:\Windows\System32\rpcrt4.dll is selected because it matches selected pattern: *
[2018-10-09 23:10:18] [info] ----------------------------------------------------
[2018-10-09 23:10:18] [info] Coverage generated in Folder C:\sn_stl\doc\opencpp
[2018-10-09 23:10:18] [info] ----------------------------------------------------
